<?xml version="1.0" encoding="UTF-8"?>
<!-- Generated by org.testng.reporters.JUnitXMLReporter -->
<testsuite hostname="DESKTOP-NMGB7R5" ignored="4" name="Surefire test" tests="7" failures="0" timestamp="05 May 2019 12:00:06 GMT" time="6.128" errors="0">
  <testcase name="validateHomePageTitle" time="0.048" classname="com.petclinic.testcases.HomePageTest"/>
  <testcase name="validatePetImageTest" time="0.125" classname="com.petclinic.testcases.HomePageTest"/>
  <testcase name="redirectFindOwnerPageTest" time="0.472" classname="com.petclinic.testcases.OwnerPageTest"/>
  <testcase name="addNewOwnerTest" time="0.962" classname="com.petclinic.testcases.OwnerPageTest"/>
  <testcase name="addOwnerPetTest" time="0.716" classname="com.petclinic.testcases.OwnerPageTest"/>
  <testcase name="searchOwnerPetTest" time="3.645" classname="com.petclinic.testcases.OwnerPageTest"/>
  <testcase name="verificationOwnerPetTest" time="0.134" classname="com.petclinic.testcases.OwnerPageTest"/>
  <testcase name="@BeforeSuite setUp" time="0.0" classname="com.petclinic.testcases.BasePageTest">
    <ignored/>
  </testcase> <!-- @BeforeSuite setUp -->
  <testcase name="@BeforeSuite setUp" time="0.0" classname="com.petclinic.testcases.BasePageTest">
    <ignored/>
  </testcase> <!-- @BeforeSuite setUp -->
  <testcase name="@AfterSuite tearDown" time="0.0" classname="com.petclinic.testcases.BasePageTest">
    <ignored/>
  </testcase> <!-- @AfterSuite tearDown -->
  <testcase name="@AfterSuite tearDown" time="0.0" classname="com.petclinic.testcases.BasePageTest">
    <ignored/>
  </testcase> <!-- @AfterSuite tearDown -->
</testsuite> <!-- Surefire test -->
