<?xml version="1.0" encoding="UTF-8"?>
<!-- Generated by org.testng.reporters.JUnitXMLReporter -->
<testsuite hostname="DESKTOP-NMGB7R5" ignored="4" name="Default test" tests="5" failures="0" timestamp="05 May 2019 08:39:08 GMT" time="2.622" errors="0">
  <testcase name="validateHomePageTitle" time="0.054" classname="com.petclinic.testcases.HomePageTest"/>
  <testcase name="validatePetImageTest" time="0.145" classname="com.petclinic.testcases.HomePageTest"/>
  <testcase name="redirectFindOwnerPageTest" time="0.524" classname="com.petclinic.testcases.OwnerPageTest"/>
  <testcase name="addNewOwnerTest" time="1.128" classname="com.petclinic.testcases.OwnerPageTest"/>
  <testcase name="addOwnerPetTest" time="0.734" classname="com.petclinic.testcases.OwnerPageTest"/>
  <testcase name="@BeforeSuite setUp" time="0.0" classname="com.petclinic.testcases.BasePageTest">
    <ignored/>
  </testcase> <!-- @BeforeSuite setUp -->
  <testcase name="@BeforeSuite setUp" time="0.0" classname="com.petclinic.testcases.BasePageTest">
    <ignored/>
  </testcase> <!-- @BeforeSuite setUp -->
  <testcase name="@AfterSuite tearDown" time="0.0" classname="com.petclinic.testcases.BasePageTest">
    <ignored/>
  </testcase> <!-- @AfterSuite tearDown -->
  <testcase name="@AfterSuite tearDown" time="0.0" classname="com.petclinic.testcases.BasePageTest">
    <ignored/>
  </testcase> <!-- @AfterSuite tearDown -->
</testsuite> <!-- Default test -->
