<?xml version="1.0" encoding="UTF-8"?>
<!-- Generated by org.testng.reporters.JUnitXMLReporter -->
<testsuite hostname="DESKTOP-NMGB7R5" ignored="4" name="Test" tests="4" failures="0" timestamp="05 May 2019 07:48:45 GMT" time="4.007" errors="0">
  <testcase name="validateHomePageTitle" time="0.058" classname="com.petclinic.testcases.HomePageTest"/>
  <testcase name="validatePetImageTest" time="0.125" classname="com.petclinic.testcases.HomePageTest"/>
  <testcase name="redirectFindOwnerPageTest" time="0.541" classname="com.petclinic.testcases.OwnerPageTest"/>
  <testcase name="addNewOwnerTest" time="3.251" classname="com.petclinic.testcases.OwnerPageTest"/>
  <testcase name="@BeforeSuite setUp" time="0.0" classname="com.petclinic.testcases.BasePageTest">
    <ignored/>
  </testcase> <!-- @BeforeSuite setUp -->
  <testcase name="@BeforeSuite setUp" time="0.0" classname="com.petclinic.testcases.BasePageTest">
    <ignored/>
  </testcase> <!-- @BeforeSuite setUp -->
  <testcase name="@AfterSuite tearDown" time="0.0" classname="com.petclinic.testcases.BasePageTest">
    <ignored/>
  </testcase> <!-- @AfterSuite tearDown -->
  <testcase name="@AfterSuite tearDown" time="0.0" classname="com.petclinic.testcases.BasePageTest">
    <ignored/>
  </testcase> <!-- @AfterSuite tearDown -->
</testsuite> <!-- Test -->
